2/12/2020 2:57:31 PM	This log contains information about the import schema operation into project 'WebApp.Database' on computer 'S31474' by user 'odjangma'.
2/12/2020 2:57:32 PM	Import of database schema has started.
2/12/2020 2:57:38 PM	Gathering database credentials
2/12/2020 2:57:38 PM	Gathering database options
2/12/2020 2:57:38 PM	Gathering users
2/12/2020 2:57:38 PM	Gathering roles
2/12/2020 2:57:38 PM	Gathering application roles
2/12/2020 2:57:38 PM	Gathering role memberships
2/12/2020 2:57:38 PM	Gathering filegroups
2/12/2020 2:57:38 PM	Gathering full-text catalogs
2/12/2020 2:57:38 PM	Gathering assemblies
2/12/2020 2:57:38 PM	Gathering certificates
2/12/2020 2:57:38 PM	Gathering asymmetric keys
2/12/2020 2:57:38 PM	Gathering symmetric keys
2/12/2020 2:57:38 PM	Gathering encrypted symmetric keys
2/12/2020 2:57:38 PM	Gathering schemas
2/12/2020 2:57:38 PM	Gathering XML schema collections
2/12/2020 2:57:38 PM	Gathering user-defined data types
2/12/2020 2:57:38 PM	Gathering user-defined types
2/12/2020 2:57:38 PM	Gathering table types
2/12/2020 2:57:38 PM	Gathering unique keys for table types
2/12/2020 2:57:38 PM	Gathering primary keys for table types
2/12/2020 2:57:38 PM	Gathering indexes for table types
2/12/2020 2:57:38 PM	Gathering check constraints for table types
2/12/2020 2:57:38 PM	Gathering default constraints for table types
2/12/2020 2:57:38 PM	Gathering partition functions
2/12/2020 2:57:38 PM	Gathering partition schemes
2/12/2020 2:57:38 PM	Gathering functions
2/12/2020 2:57:38 PM	Gathering encrypted functions
2/12/2020 2:57:38 PM	Gathering aggregates
2/12/2020 2:57:38 PM	Gathering procedures
2/12/2020 2:57:38 PM	Gathering encrypted procedures
2/12/2020 2:57:38 PM	Gathering tables
2/12/2020 2:57:38 PM	Gathering primary keys
2/12/2020 2:57:38 PM	Gathering unique constraints
2/12/2020 2:57:38 PM	Gathering foreign keys
2/12/2020 2:57:38 PM	Gathering default constraints
2/12/2020 2:57:38 PM	Gathering check constraints
2/12/2020 2:57:38 PM	Gathering views
2/12/2020 2:57:38 PM	Gathering encrypted views
2/12/2020 2:57:38 PM	Gathering indexes
2/12/2020 2:57:38 PM	Gathering statistics
2/12/2020 2:57:38 PM	Gathering full-text index stoplists
2/12/2020 2:57:38 PM	Gathering search property lists
2/12/2020 2:57:38 PM	Gathering search properties
2/12/2020 2:57:38 PM	Gathering full-text indexes
2/12/2020 2:57:38 PM	Gathering column store indexes
2/12/2020 2:57:38 PM	Gathering spatial indexes
2/12/2020 2:57:38 PM	Gathering XML indexes
2/12/2020 2:57:38 PM	Gathering Selective XML indexes
2/12/2020 2:57:38 PM	Gathering encrypted triggers
2/12/2020 2:57:38 PM	Gathering triggers
2/12/2020 2:57:38 PM	Gathering encrypted and clr ddl triggers
2/12/2020 2:57:38 PM	Gathering ddl triggers
2/12/2020 2:57:38 PM	Gathering synonyms
2/12/2020 2:57:38 PM	Gathering defaults
2/12/2020 2:57:38 PM	Gathering data constraint uddt bindings
2/12/2020 2:57:38 PM	Gathering rules
2/12/2020 2:57:38 PM	Gathering data constraint uddt bindings
2/12/2020 2:57:38 PM	Gathering message types
2/12/2020 2:57:38 PM	Gathering queues
2/12/2020 2:57:38 PM	Gathering contracts
2/12/2020 2:57:38 PM	Gathering services
2/12/2020 2:57:38 PM	Gathering event notifications
2/12/2020 2:57:38 PM	Gathering remote service bindings
2/12/2020 2:57:38 PM	Gathering broker priorities
2/12/2020 2:57:38 PM	Gathering signatures
2/12/2020 2:57:38 PM	Gathering data compression options
2/12/2020 2:57:38 PM	Gathering sequence types
2/12/2020 2:57:38 PM	Gathering security policies
2/12/2020 2:57:38 PM	Gather column encryption keys
2/12/2020 2:57:38 PM	Gathering column master keys
2/12/2020 2:57:38 PM	Gathering external data sources
2/12/2020 2:57:38 PM	Gathering external file formats
2/12/2020 2:57:38 PM	Gathering external tables
2/12/2020 2:57:38 PM	Gathering extended properties
2/12/2020 2:57:38 PM	Gathering credentials
2/12/2020 2:57:38 PM	Gathering logins
2/12/2020 2:57:38 PM	Gathering server audits
2/12/2020 2:57:38 PM	Scanning project for duplicate elements
2/12/2020 2:57:38 PM	Finished duplicate element processing
2/12/2020 2:57:39 PM	Finished importing database.
2/12/2020 2:57:39 PM	A summary of the import was saved to the following location: C:\Users\odjangma\source\repos\WebApp.Database\Import Schema Logs\WebApp.Database_20200212085731.log
2/12/2020 2:57:39 PM	Click Finish to continue...
